-------------------------------------------------------------------------------
Test set: com.github.i24x.spring.ioc.bean.Aoo2Test
-------------------------------------------------------------------------------
Tests run: 2, Failures: 2, Errors: 0, Skipped: 0, Time elapsed: 0.554 sec <<< FAILURE!
testSendMsg(com.github.i24x.spring.ioc.bean.Aoo2Test)  Time elapsed: 0.444 sec  <<< FAILURE!
java.lang.AssertionError: Not yet implemented
	at org.junit.Assert.fail(Assert.java:93)
	at com.github.i24x.spring.ioc.bean.Aoo2Test.testSendMsg(Aoo2Test.java:20)

testSetAddress(com.github.i24x.spring.ioc.bean.Aoo2Test)  Time elapsed: 0.001 sec  <<< FAILURE!
java.lang.AssertionError: Not yet implemented
	at org.junit.Assert.fail(Assert.java:93)
	at com.github.i24x.spring.ioc.bean.Aoo2Test.testSetAddress(Aoo2Test.java:25)

