<?xml version="1.0" encoding="UTF-8" ?>
<testsuite failures="2" time="0.445" errors="0" skipped="0" tests="2" name="com.github.i24x.spring.ioc.bean.Aoo2Test">
  <properties>
[...]
</properties>
  <testcase time="0.444" classname="com.github.i24x.spring.ioc.bean.Aoo2Test" name="testSendMsg">
    <failure message="Not yet implemented" type="java.lang.AssertionError">java.lang.AssertionError: Not yet implemented
	at org.junit.Assert.fail(Assert.java:93)
	at com.github.i24x.spring.ioc.bean.Aoo2Test.testSendMsg(Aoo2Test.java:20)
</failure>
    <system-err>[INFO] XmlBeanDefinitionReader - Loading XML bean definitions from class path resource [applicationContext.xml]
[INFO] GenericApplicationContext - Refreshing org.springframework.context.support.GenericApplicationContext@1583a80: startup date [Sun May 20 19:56:55 CST 2018]; root of context hierarchy
[INFO] PropertySourcesPlaceholderConfigurer - Loading properties file from file [E:\core-api\spring\spring.ioc\target\classes\commons-logging.properties]
[INFO] PropertySourcesPlaceholderConfigurer - Loading properties file from file [E:\core-api\spring\spring.ioc\target\classes\config.properties]
[INFO] PropertySourcesPlaceholderConfigurer - Loading properties file from file [E:\core-api\spring\spring.ioc\target\classes\simplelog.properties]
[INFO] BoolifeCycleBeanFactoryPostProcessor - BeanFactoryPostProcessor()初始化....
[INFO] BoolifeCycleBeanFactoryPostProcessor - 1======设置属性  BeanFactoryPostProcessor.postProcessBeanFactory
[INFO] BoolifeCycleBeanPostProcessor - BeanPostProcessor()初始化....
[INFO] BoolifeCycleInstantiationAwareBeanPostProcessor - InstantiationAwareBeanPostProcessor()初始化....
[INFO] BoolifeCycleInstantiationAwareBeanPostProcessor - 3====初始化前处理  InstantiationAwareBeanPostProcessor.postProcessBeforeInstantiation:BoolifeCycle
[INFO] BoolifeCycle - BoolifeCycle implements InitializingBean, DisposableBean,BeanNameAware, BeanFactoryAware执行构造器....
[INFO] BoolifeCycleInstantiationAwareBeanPostProcessor - 3====设置属性处理  InstantiationAwareBeanPostProcessor.postProcessPropertyValues方法:BoolifeCycle
[INFO] BoolifeCycle - BoolifeCycle.setAge=200000
[INFO] BoolifeCycle - BoolifeCycle.BeanNameAware.setBeanName=BoolifeCycle
[INFO] BoolifeCycle - BoolifeCycle.BeanFactoryAware.setBeanFactory
[INFO] BoolifeCycleBeanPostProcessor - 2======初始化前处理  BeanPostProcessor.postProcessBeforeInitialization方法，这里可对BoolifeCycle的属性进行更改BoolifeCycle [+name=null, age=200000, beanName=BoolifeCycle]
[INFO] BoolifeCycle - PostConstruct 初始化后处理
[INFO] BoolifeCycle - BoolifeCycle.InitializingBean.afterPropertiesSet()
[INFO] BoolifeCycleBeanPostProcessor - 2======初始化后处理  BeanPostProcessor.postProcessAfterInitialization方法，这里可对BoolifeCycle的属性进行更改BoolifeCycle [+name=null, age=200000, beanName=BoolifeCycle]
[INFO] BoolifeCycleInstantiationAwareBeanPostProcessor - 3====初始化后处理 InstantiationAwareBeanPostProcessor.postProcessAfterInitialization方法:BoolifeCycle
[INFO] BoolifeCycleInstantiationAwareBeanPostProcessor - 3====初始化前处理  InstantiationAwareBeanPostProcessor.postProcessBeforeInstantiation:Aoo
[INFO] BoolifeCycleInstantiationAwareBeanPostProcessor - 3====设置属性处理  InstantiationAwareBeanPostProcessor.postProcessPropertyValues方法:Aoo
[INFO] BoolifeCycleBeanPostProcessor - 2======初始化前处理  BeanPostProcessor.postProcessBeforeInitialization方法，这里可对Aoo的属性进行更改com.github.i24x.spring.ioc.bean.Aoo@efe6fd
[INFO] BoolifeCycleBeanPostProcessor - 2======初始化后处理  BeanPostProcessor.postProcessAfterInitialization方法，这里可对Aoo的属性进行更改com.github.i24x.spring.ioc.bean.Aoo@efe6fd
[INFO] BoolifeCycleInstantiationAwareBeanPostProcessor - 3====初始化后处理 InstantiationAwareBeanPostProcessor.postProcessAfterInitialization方法:Aoo
[INFO] BoolifeCycleInstantiationAwareBeanPostProcessor - 3====设置属性处理  InstantiationAwareBeanPostProcessor.postProcessPropertyValues方法:com.github.i24x.spring.ioc.bean.Aoo2Test
[INFO] BoolifeCycleBeanPostProcessor - 2======初始化前处理  BeanPostProcessor.postProcessBeforeInitialization方法，这里可对com.github.i24x.spring.ioc.bean.Aoo2Test的属性进行更改com.github.i24x.spring.ioc.bean.Aoo2Test@1c9999f
[INFO] BoolifeCycleBeanPostProcessor - 2======初始化后处理  BeanPostProcessor.postProcessAfterInitialization方法，这里可对com.github.i24x.spring.ioc.bean.Aoo2Test的属性进行更改com.github.i24x.spring.ioc.bean.Aoo2Test@1c9999f
[INFO] BoolifeCycleInstantiationAwareBeanPostProcessor - 3====初始化后处理 InstantiationAwareBeanPostProcessor.postProcessAfterInitialization方法:com.github.i24x.spring.ioc.bean.Aoo2Test
</system-err>
  </testcase>
  <testcase time="0.001" classname="com.github.i24x.spring.ioc.bean.Aoo2Test" name="testSetAddress">
    <failure message="Not yet implemented" type="java.lang.AssertionError">java.lang.AssertionError: Not yet implemented
	at org.junit.Assert.fail(Assert.java:93)
	at com.github.i24x.spring.ioc.bean.Aoo2Test.testSetAddress(Aoo2Test.java:25)
</failure>
    <system-err>[INFO] BoolifeCycleInstantiationAwareBeanPostProcessor - 3====设置属性处理  InstantiationAwareBeanPostProcessor.postProcessPropertyValues方法:com.github.i24x.spring.ioc.bean.Aoo2Test
[INFO] BoolifeCycleBeanPostProcessor - 2======初始化前处理  BeanPostProcessor.postProcessBeforeInitialization方法，这里可对com.github.i24x.spring.ioc.bean.Aoo2Test的属性进行更改com.github.i24x.spring.ioc.bean.Aoo2Test@1b84411
[INFO] BoolifeCycleBeanPostProcessor - 2======初始化后处理  BeanPostProcessor.postProcessAfterInitialization方法，这里可对com.github.i24x.spring.ioc.bean.Aoo2Test的属性进行更改com.github.i24x.spring.ioc.bean.Aoo2Test@1b84411
[INFO] BoolifeCycleInstantiationAwareBeanPostProcessor - 3====初始化后处理 InstantiationAwareBeanPostProcessor.postProcessAfterInitialization方法:com.github.i24x.spring.ioc.bean.Aoo2Test
</system-err>
  </testcase>
</testsuite>